<?xml version="1.0" encoding="UTF-8"?>
<!-- Generated by org.testng.reporters.JUnitXMLReporter -->
<testsuite ignored="0" hostname="Omika" failures="0" tests="4" name="Default test" time="20.054" errors="0" timestamp="2024-11-01T10:25:50 IST">
  <testcase classname="ExtentRpeort.DataProviderReport" name="testDataProvider" time="3.898"/>
  <testcase classname="ExtentRpeort.DataProviderReport" name="testDataProvider" time="3.778"/>
  <testcase classname="ExtentRpeort.DataProviderReport" name="testDataProviderWithName" time="3.464"/>
  <testcase classname="ExtentRpeort.DataProviderReport" name="testDataProviderWithName" time="3.463"/>
</testsuite> <!-- Default test -->
