<?xml version="1.0" encoding="UTF-8"?>
<testng-results ignored="0" total="2" passed="2" failed="0" skipped="0">
  <reporter-output>
  </reporter-output>
  <suite started-at="2024-10-30T17:25:21 IST" name="Suite" finished-at="2024-10-30T17:25:32 IST" duration-ms="11440">
    <groups>
    </groups>
    <test started-at="2024-10-30T17:25:21 IST" name="Test" finished-at="2024-10-30T17:25:32 IST" duration-ms="11440">
      <class name="Part26_Screenshot.TestClassScr">
        <test-method is-config="true" signature="setup()[pri:0, instance:Part26_Screenshot.TestClassScr@45752059]" started-at="2024-10-30T17:25:21 IST" name="setup" finished-at="2024-10-30T17:25:24 IST" duration-ms="3670" status="PASS">
          <reporter-output>
          </reporter-output>
        </test-method> <!-- setup -->
        <test-method signature="testDataProvider(java.lang.String,java.lang.String)[pri:0, instance:Part26_Screenshot.TestClassScr@45752059]" started-at="2024-10-30T17:25:24 IST" name="testDataProvider" data-provider="dp" finished-at="2024-10-30T17:25:28 IST" duration-ms="3583" status="PASS">
          <params>
            <param index="0">
              <value>
                <![CDATA[Abhijeet]]>
              </value>
            </param>
            <param index="1">
              <value>
                <![CDATA[Abhipal]]>
              </value>
            </param>
          </params>
          <reporter-output>
          </reporter-output>
        </test-method> <!-- testDataProvider -->
        <test-method signature="testDataProvider(java.lang.String,java.lang.String)[pri:0, instance:Part26_Screenshot.TestClassScr@45752059]" started-at="2024-10-30T17:25:28 IST" name="testDataProvider" data-provider="dp" finished-at="2024-10-30T17:25:32 IST" duration-ms="4112" status="PASS">
          <params>
            <param index="0">
              <value>
                <![CDATA[Deshmukha]]>
              </value>
            </param>
            <param index="1">
              <value>
                <![CDATA[Ichake]]>
              </value>
            </param>
          </params>
          <reporter-output>
          </reporter-output>
        </test-method> <!-- testDataProvider -->
      </class> <!-- Part26_Screenshot.TestClassScr -->
    </test> <!-- Test -->
  </suite> <!-- Suite -->
</testng-results>
