<?xml version="1.0" encoding="UTF-8"?>
<testng-results ignored="0" total="4" passed="4" failed="0" skipped="0">
  <reporter-output>
  </reporter-output>
  <suite started-at="2024-11-01T10:25:30 IST" name="Default suite" finished-at="2024-11-01T10:25:50 IST" duration-ms="20054">
    <groups>
    </groups>
    <test started-at="2024-11-01T10:25:30 IST" name="Default test" finished-at="2024-11-01T10:25:50 IST" duration-ms="20054">
      <class name="ExtentRpeort.DataProviderReport">
        <test-method is-config="true" signature="setup()[pri:0, instance:ExtentRpeort.DataProviderReport@34e9fd99]" started-at="2024-11-01T10:25:30 IST" name="setup" finished-at="2024-11-01T10:25:36 IST" duration-ms="5394" status="PASS">
          <reporter-output>
          </reporter-output>
        </test-method> <!-- setup -->
        <test-method signature="testDataProvider(java.lang.String,java.lang.String)[pri:0, instance:ExtentRpeort.DataProviderReport@34e9fd99]" started-at="2024-11-01T10:25:36 IST" name="testDataProvider" data-provider="DataProviderTest" finished-at="2024-11-01T10:25:40 IST" duration-ms="3898" status="PASS">
          <params>
            <param index="0">
              <value>
                <![CDATA[Abhijeet]]>
              </value>
            </param>
            <param index="1">
              <value>
                <![CDATA[Abhipal]]>
              </value>
            </param>
          </params>
          <reporter-output>
          </reporter-output>
        </test-method> <!-- testDataProvider -->
        <test-method signature="testDataProvider(java.lang.String,java.lang.String)[pri:0, instance:ExtentRpeort.DataProviderReport@34e9fd99]" started-at="2024-11-01T10:25:40 IST" name="testDataProvider" data-provider="DataProviderTest" finished-at="2024-11-01T10:25:43 IST" duration-ms="3778" status="PASS">
          <params>
            <param index="0">
              <value>
                <![CDATA[Deshmukha]]>
              </value>
            </param>
            <param index="1">
              <value>
                <![CDATA[Ichake]]>
              </value>
            </param>
          </params>
          <reporter-output>
          </reporter-output>
        </test-method> <!-- testDataProvider -->
        <test-method signature="testDataProviderWithName(java.lang.String,java.lang.String)[pri:0, instance:ExtentRpeort.DataProviderReport@34e9fd99]" started-at="2024-11-01T10:25:43 IST" name="testDataProviderWithName" data-provider="dp" finished-at="2024-11-01T10:25:47 IST" duration-ms="3464" status="PASS">
          <params>
            <param index="0">
              <value>
                <![CDATA[Abhijeet]]>
              </value>
            </param>
            <param index="1">
              <value>
                <![CDATA[Abhipal]]>
              </value>
            </param>
          </params>
          <reporter-output>
          </reporter-output>
        </test-method> <!-- testDataProviderWithName -->
        <test-method signature="testDataProviderWithName(java.lang.String,java.lang.String)[pri:0, instance:ExtentRpeort.DataProviderReport@34e9fd99]" started-at="2024-11-01T10:25:47 IST" name="testDataProviderWithName" data-provider="dp" finished-at="2024-11-01T10:25:50 IST" duration-ms="3463" status="PASS">
          <params>
            <param index="0">
              <value>
                <![CDATA[Deshmukha]]>
              </value>
            </param>
            <param index="1">
              <value>
                <![CDATA[Ichake]]>
              </value>
            </param>
          </params>
          <reporter-output>
          </reporter-output>
        </test-method> <!-- testDataProviderWithName -->
      </class> <!-- ExtentRpeort.DataProviderReport -->
    </test> <!-- Default test -->
  </suite> <!-- Default suite -->
</testng-results>
